<?xml version="1.0" encoding="UTF-8"?><testsuites failures="1" name="dependency-check" tests="4"><testsuite failures="0" errors="0" time="0" id="0" name="/home/runner/.m2/repository/com/fasterxml/jackson/core/jackson-core/2.15.2/jackson-core-2.15.2.jar" package="jackson-core-2.15.2.jar" skipped="0" tests="1" timestamp="2023-09-12T18:37:06.329069511"><testcase classname="dependency-check" name="jackson-core-2.15.2.jar"/></testsuite><testsuite failures="1" errors="0" time="0" id="1" name="/home/runner/.m2/repository/com/fasterxml/jackson/core/jackson-databind/2.15.2/jackson-databind-2.15.2.jar" package="jackson-databind-2.15.2.jar" skipped="0" tests="1" timestamp="2023-09-12T18:37:06.329069511"><testcase classname="CVE-2023-35116" name="pkg:maven/com.fasterxml.jackson.core/jackson-databind@2.15.2"><failure message="cvssV3: MEDIUM, score: 4.7 (CVSS:3.1/AV:L/AC:H/PR:L/UI:N/S:U/C:N/I:N/A:H)"/><system-out>** DISPUTED ** jackson-databind through 2.15.2 allows attackers to cause a denial of service or other unspecified impact via a crafted object that uses cyclic dependencies. NOTE: the vendor&apos;s perspective is that this is not a valid vulnerability report, because the steps of constructing a cyclic data structure and trying to serialize it cannot be achieved by an external attacker.</system-out><system-err>location: /home/runner/.m2/repository/com/fasterxml/jackson/core/jackson-databind/2.15.2/jackson-databind-2.15.2.jar, project-references: [ Parameters for Java:compile ]</system-err></testcase></testsuite><testsuite failures="0" errors="0" time="0" id="2" name="/home/runner/.m2/repository/com/fasterxml/jackson/dataformat/jackson-dataformat-yaml/2.15.2/jackson-dataformat-yaml-2.15.2.jar" package="jackson-dataformat-yaml-2.15.2.jar" skipped="0" tests="1" timestamp="2023-09-12T18:37:06.329069511"><testcase classname="dependency-check" name="jackson-dataformat-yaml-2.15.2.jar"/></testsuite><testsuite failures="0" errors="0" time="0" id="3" name="/home/runner/.m2/repository/org/slf4j/slf4j-api/2.0.9/slf4j-api-2.0.9.jar" package="slf4j-api-2.0.9.jar" skipped="0" tests="1" timestamp="2023-09-12T18:37:06.329069511"><testcase classname="dependency-check" name="slf4j-api-2.0.9.jar"/></testsuite><testsuite failures="0" errors="0" time="0" id="4" name="/home/runner/.m2/repository/org/yaml/snakeyaml/2.0/snakeyaml-2.0.jar" package="snakeyaml-2.0.jar" skipped="0" tests="1" timestamp="2023-09-12T18:37:06.329069511"><testcase classname="dependency-check" name="snakeyaml-2.0.jar"/></testsuite></testsuites>