<?xml version="1.0" encoding="UTF-8"?><testsuites failures="0" name="dependency-check" tests="5"><testsuite failures="0" errors="0" time="0" id="0" name="/home/runner/.m2/repository/com/fasterxml/jackson/core/jackson-core/2.14.2/jackson-core-2.14.2.jar" package="jackson-core-2.14.2.jar" skipped="0" tests="1" timestamp="2023-01-31T08:04:10.461899244"><testcase classname="dependency-check" name="jackson-core-2.14.2.jar"/></testsuite><testsuite failures="0" errors="0" time="0" id="1" name="/home/runner/.m2/repository/com/fasterxml/jackson/core/jackson-databind/2.14.2/jackson-databind-2.14.2.jar" package="jackson-databind-2.14.2.jar" skipped="0" tests="1" timestamp="2023-01-31T08:04:10.461899244"><testcase classname="dependency-check" name="jackson-databind-2.14.2.jar"/></testsuite><testsuite failures="0" errors="0" time="0" id="2" name="/home/runner/.m2/repository/com/fasterxml/jackson/dataformat/jackson-dataformat-yaml/2.14.2/jackson-dataformat-yaml-2.14.2.jar" package="jackson-dataformat-yaml-2.14.2.jar" skipped="0" tests="1" timestamp="2023-01-31T08:04:10.461899244"><testcase classname="dependency-check" name="jackson-dataformat-yaml-2.14.2.jar"/></testsuite><testsuite failures="0" errors="0" time="0" id="3" name="/home/runner/.m2/repository/org/slf4j/slf4j-api/2.0.6/slf4j-api-2.0.6.jar" package="slf4j-api-2.0.6.jar" skipped="0" tests="1" timestamp="2023-01-31T08:04:10.461899244"><testcase classname="dependency-check" name="slf4j-api-2.0.6.jar"/></testsuite><testsuite failures="0" errors="0" time="0" id="4" name="/home/runner/.m2/repository/org/yaml/snakeyaml/1.33/snakeyaml-1.33.jar" package="snakeyaml-1.33.jar" skipped="1" tests="1" timestamp="2023-01-31T08:04:10.461899244"><testcase classname="CVE-2022-1471" name="pkg:maven/org.yaml/snakeyaml@1.33"><skipped message="CVE relates to constructor which is not used by Jackson" /><system-out>SnakeYaml&apos;s Constructor() class does not restrict types which can be instantiated during deserialization. Deserializing yaml content provided by an attacker can lead to remote code execution. We recommend using SnakeYaml&apos;s SafeConsturctor when parsing untrusted content to restrict deserialization.</system-out><system-err>location: /home/runner/.m2/repository/org/yaml/snakeyaml/1.33/snakeyaml-1.33.jar</system-err></testcase></testsuite></testsuites>