<?xml version="1.0" encoding="UTF-8"?><testsuites failures="0" name="dependency-check" tests="8"><testsuite failures="0" errors="0" time="0" id="0" name="/home/runner/.m2/repository/com/fasterxml/jackson/core/jackson-annotations/2.20/jackson-annotations-2.20.jar" package="jackson-annotations-2.20.jar" skipped="0" tests="1" timestamp="2025-11-13T10:38:58.765684417"><testcase classname="dependency-check" name="jackson-annotations-2.20.jar"/></testsuite><testsuite failures="0" errors="0" time="0" id="1" name="/home/runner/.m2/repository/com/fasterxml/jackson/core/jackson-core/2.20.1/jackson-core-2.20.1.jar" package="jackson-core-2.20.1.jar" skipped="0" tests="1" timestamp="2025-11-13T10:38:58.765684417"><testcase classname="dependency-check" name="jackson-core-2.20.1.jar"/></testsuite><testsuite failures="0" errors="0" time="0" id="2" name="/home/runner/.m2/repository/com/fasterxml/jackson/core/jackson-databind/2.20.1/jackson-databind-2.20.1.jar" package="jackson-databind-2.20.1.jar" skipped="0" tests="1" timestamp="2025-11-13T10:38:58.765684417"><testcase classname="dependency-check" name="jackson-databind-2.20.1.jar"/></testsuite><testsuite failures="0" errors="0" time="0" id="3" name="/home/runner/.m2/repository/com/fasterxml/jackson/dataformat/jackson-dataformat-yaml/2.20.1/jackson-dataformat-yaml-2.20.1.jar" package="jackson-dataformat-yaml-2.20.1.jar" skipped="0" tests="1" timestamp="2025-11-13T10:38:58.765684417"><testcase classname="dependency-check" name="jackson-dataformat-yaml-2.20.1.jar"/></testsuite><testsuite failures="0" errors="0" time="0" id="4" name="/home/runner/.m2/repository/com/google/code/findbugs/jsr305/3.0.2/jsr305-3.0.2.jar" package="jsr305-3.0.2.jar" skipped="0" tests="1" timestamp="2025-11-13T10:38:58.765684417"><testcase classname="dependency-check" name="jsr305-3.0.2.jar"/></testsuite><testsuite failures="0" errors="0" time="0" id="5" name="/home/runner/.m2/repository/org/slf4j/slf4j-api/2.1.0-alpha1/slf4j-api-2.1.0-alpha1.jar" package="slf4j-api-2.1.0-alpha1.jar" skipped="0" tests="1" timestamp="2025-11-13T10:38:58.765684417"><testcase classname="dependency-check" name="slf4j-api-2.1.0-alpha1.jar"/></testsuite><testsuite failures="0" errors="0" time="0" id="6" name="/home/runner/.m2/repository/org/yaml/snakeyaml/2.4/snakeyaml-2.4.jar" package="snakeyaml-2.4.jar" skipped="0" tests="1" timestamp="2025-11-13T10:38:58.765684417"><testcase classname="dependency-check" name="snakeyaml-2.4.jar"/></testsuite><testsuite failures="0" errors="0" time="0" id="7" name="/home/runner/.m2/repository/com/github/spotbugs/spotbugs-annotations/4.9.8/spotbugs-annotations-4.9.8.jar" package="spotbugs-annotations-4.9.8.jar" skipped="0" tests="1" timestamp="2025-11-13T10:38:58.765684417"><testcase classname="dependency-check" name="spotbugs-annotations-4.9.8.jar"/></testsuite></testsuites>