<?xml version="1.0" encoding="UTF-8"?><testsuites failures="0" name="dependency-check" tests="5"><testsuite failures="0" errors="0" time="0" id="0" name="/home/runner/.m2/repository/com/fasterxml/jackson/core/jackson-core/2.15.0-rc2/jackson-core-2.15.0-rc2.jar" package="jackson-core-2.15.0-rc2.jar" skipped="0" tests="1" timestamp="2023-04-09T12:39:02.345861171"><testcase classname="dependency-check" name="jackson-core-2.15.0-rc2.jar"/></testsuite><testsuite failures="0" errors="0" time="0" id="1" name="/home/runner/.m2/repository/com/fasterxml/jackson/core/jackson-databind/2.15.0-rc2/jackson-databind-2.15.0-rc2.jar" package="jackson-databind-2.15.0-rc2.jar" skipped="0" tests="1" timestamp="2023-04-09T12:39:02.345861171"><testcase classname="dependency-check" name="jackson-databind-2.15.0-rc2.jar"/></testsuite><testsuite failures="0" errors="0" time="0" id="2" name="/home/runner/.m2/repository/com/fasterxml/jackson/dataformat/jackson-dataformat-yaml/2.15.0-rc2/jackson-dataformat-yaml-2.15.0-rc2.jar" package="jackson-dataformat-yaml-2.15.0-rc2.jar" skipped="0" tests="1" timestamp="2023-04-09T12:39:02.345861171"><testcase classname="dependency-check" name="jackson-dataformat-yaml-2.15.0-rc2.jar"/></testsuite><testsuite failures="0" errors="0" time="0" id="3" name="/home/runner/.m2/repository/org/slf4j/slf4j-api/2.0.7/slf4j-api-2.0.7.jar" package="slf4j-api-2.0.7.jar" skipped="0" tests="1" timestamp="2023-04-09T12:39:02.345861171"><testcase classname="dependency-check" name="slf4j-api-2.0.7.jar"/></testsuite><testsuite failures="0" errors="0" time="0" id="4" name="/home/runner/.m2/repository/org/yaml/snakeyaml/2.0/snakeyaml-2.0.jar" package="snakeyaml-2.0.jar" skipped="0" tests="1" timestamp="2023-04-09T12:39:02.345861171"><testcase classname="dependency-check" name="snakeyaml-2.0.jar"/></testsuite></testsuites>